{"url":"/","ip":"::1","time":1571662993369}
{"url":"/images/position.png","ip":"::1","time":1571662993430}
{"url":"/images/search.png","ip":"::1","time":1571662993431}
{"url":"/images/%E7%BE%8E%E9%A3%9F.png","ip":"::1","time":1571662993444}
{"url":"/images/right_jt.png","ip":"::1","time":1571662993450}
{"url":"/images/%E7%BE%8E%E9%A3%9F.png","ip":"::1","time":1571662993508}
{"url":"/images/right_jt.png","ip":"::1","time":1571662993508}
{"url":"/","ip":"::1","time":1571662993592}
{"url":"/","ip":"::1","time":1571662993728}
{"url":"/","ip":"::1","time":1571662993831}
{"url":"/","ip":"::1","time":1571662993989}
{"url":"/","ip":"::1","time":1571662994150}
{"url":"/","ip":"::1","time":1571662994346}
{"url":"/","ip":"::1","time":1571662994718}
{"url":"/","ip":"::1","time":1571662994944}
{"url":"/","ip":"::1","time":1571662996152}
{"url":"/","ip":"::1","time":1571662996304}
{"url":"/","ip":"::1","time":1571662996471}
{"url":"/","ip":"::1","time":1571662996614}
{"url":"/","ip":"::1","time":1571662997615}
{"url":"/","ip":"::1","time":1571662997782}
{"url":"/","ip":"::1","time":1571662997952}
{"url":"/","ip":"::1","time":1571663000935}
{"url":"/","ip":"::1","time":1571663018762}
{"url":"/","ip":"::1","time":1571663018992}
{"url":"/","ip":"::1","time":1571663019191}
{"url":"/","ip":"::1","time":1571663019343}
{"url":"/","ip":"::1","time":1571663019495}
{"url":"/","ip":"::1","time":1571663021231}
{"url":"/","ip":"::1","time":1571663021407}
{"url":"/","ip":"::1","time":1571663021551}
{"url":"/","ip":"::1","time":1571663021704}
{"url":"/","ip":"::1","time":1571663023479}
{"url":"/","ip":"::1","time":1571663028025}
{"url":"/","ip":"::1","time":1571663116969}
{"url":"/","ip":"::1","time":1571663117415}
{"url":"/","ip":"::1","time":1571663118118}
{"url":"/","ip":"::1","time":1571663119869}
{"url":"/","ip":"::1","time":1571663120136}
{"url":"/","ip":"::1","time":1571663120369}
{"url":"/","ip":"::1","time":1571663120639}
{"url":"/","ip":"::1","time":1571664085847}
{"url":"/","ip":"::1","time":1571664086164}
{"url":"/","ip":"::1","time":1571664086373}
{"url":"/","ip":"::1","time":1571664105162}
{"url":"/images/position.png","ip":"::1","time":1571664105338}
{"url":"/images/search.png","ip":"::1","time":1571664105364}
{"url":"/images/%E7%BE%8E%E9%A3%9F.png","ip":"::1","time":1571664105380}
{"url":"/images/right_jt.png","ip":"::1","time":1571664105384}
{"url":"/images/%E7%BE%8E%E9%A3%9F.png","ip":"::1","time":1571664105462}
{"url":"/images/right_jt.png","ip":"::1","time":1571664105462}
{"url":"/","ip":"::1","time":1571666803640}
{"url":"/images/position.png","ip":"::1","time":1571666803860}
{"url":"/images/search.png","ip":"::1","time":1571666803862}
{"url":"/images/%E7%BE%8E%E9%A3%9F.png","ip":"::1","time":1571666803880}
{"url":"/images/right_jt.png","ip":"::1","time":1571666803881}
{"url":"/","ip":"::1","time":1571667495518}
{"url":"/images/position.png","ip":"::1","time":1571667495705}
{"url":"/images/search.png","ip":"::1","time":1571667496026}
{"url":"/images/%E7%BE%8E%E9%A3%9F.png","ip":"::1","time":1571667496026}
{"url":"/images/right_jt.png","ip":"::1","time":1571667496027}
{"url":"/images/%E7%BE%8E%E9%A3%9F.png","ip":"::1","time":1571667496139}
{"url":"/images/right_jt.png","ip":"::1","time":1571667496139}
{"url":"/","ip":"::1","time":1571834981113}
{"url":"/images/position.png","ip":"::1","time":1571834981599}
{"url":"/images/search.png","ip":"::1","time":1571834981894}
{"url":"/images/%E7%BE%8E%E9%A3%9F.png","ip":"::1","time":1571834981895}
{"url":"/images/right_jt.png","ip":"::1","time":1571834981910}
{"url":"/images/%E7%BE%8E%E9%A3%9F.png","ip":"::1","time":1571834982260}
{"url":"/images/right_jt.png","ip":"::1","time":1571834982260}
{"url":"/favicon.ico","ip":"::1","time":1571834982867}
{"url":"/","ip":"::1","time":1571835348363}
{"url":"/images/position.png","ip":"::1","time":1571835348557}
{"url":"/images/search.png","ip":"::1","time":1571835348582}
{"url":"/images/%E7%BE%8E%E9%A3%9F.png","ip":"::1","time":1571835348595}
{"url":"/images/right_jt.png","ip":"::1","time":1571835348598}
{"url":"/images/%E7%BE%8E%E9%A3%9F.png","ip":"::1","time":1571835348691}
{"url":"/images/right_jt.png","ip":"::1","time":1571835348691}
{"url":"/","ip":"::1","time":1571835413296}
{"url":"/images/position.png","ip":"::1","time":1571835413490}
{"url":"/images/search.png","ip":"::1","time":1571835413529}
{"url":"/images/%E7%BE%8E%E9%A3%9F.png","ip":"::1","time":1571835413535}
{"url":"/images/right_jt.png","ip":"::1","time":1571835413535}
{"url":"/images/%E7%BE%8E%E9%A3%9F.png","ip":"::1","time":1571835413697}
{"url":"/images/right_jt.png","ip":"::1","time":1571835413697}
{"url":"/","ip":"::1","time":1571835914186}
{"url":"/images/position.png","ip":"::1","time":1571835914449}
{"url":"/images/search.png","ip":"::1","time":1571835914459}
{"url":"/images/%E7%BE%8E%E9%A3%9F.png","ip":"::1","time":1571835914459}
{"url":"/images/right_jt.png","ip":"::1","time":1571835914462}
{"url":"/images/%E7%BE%8E%E9%A3%9F.png","ip":"::1","time":1571835914554}
{"url":"/images/right_jt.png","ip":"::1","time":1571835914554}
{"url":"/","ip":"::1","time":1571835977017}
{"url":"/images/position.png","ip":"::1","time":1571835977171}
{"url":"/images/%E7%BE%8E%E9%A3%9F.png","ip":"::1","time":1571835977181}
{"url":"/images/search.png","ip":"::1","time":1571835977181}
{"url":"/images/right_jt.png","ip":"::1","time":1571835977188}
{"url":"/images/%E7%BE%8E%E9%A3%9F.png","ip":"::1","time":1571835977350}
{"url":"/images/right_jt.png","ip":"::1","time":1571835977350}
{"url":"/","ip":"::1","time":1571836011021}
{"url":"/images/position.png","ip":"::1","time":1571836011234}
{"url":"/images/search.png","ip":"::1","time":1571836011276}
{"url":"/images/%E7%BE%8E%E9%A3%9F.png","ip":"::1","time":1571836011277}
{"url":"/images/right_jt.png","ip":"::1","time":1571836011277}
{"url":"/images/%E7%BE%8E%E9%A3%9F.png","ip":"::1","time":1571836011496}
{"url":"/images/right_jt.png","ip":"::1","time":1571836011496}
{"url":"/","ip":"::1","time":1571836131302}
{"url":"/","ip":"::1","time":1571836159891}
{"url":"/images/position.png","ip":"::1","time":1571836160080}
{"url":"/images/%E7%BE%8E%E9%A3%9F.png","ip":"::1","time":1571836160099}
{"url":"/images/right_jt.png","ip":"::1","time":1571836160110}
{"url":"/images/search.png","ip":"::1","time":1571836160290}
{"url":"/images/%E7%BE%8E%E9%A3%9F.png","ip":"::1","time":1571836160300}
{"url":"/images/right_jt.png","ip":"::1","time":1571836160300}
{"url":"/","ip":"::1","time":1571836187380}
{"url":"/images/position.png","ip":"::1","time":1571836187574}
{"url":"/images/%E7%BE%8E%E9%A3%9F.png","ip":"::1","time":1571836187581}
{"url":"/images/right_jt.png","ip":"::1","time":1571836187594}
{"url":"/images/search.png","ip":"::1","time":1571836187794}
{"url":"/images/%E7%BE%8E%E9%A3%9F.png","ip":"::1","time":1571836187802}
{"url":"/images/right_jt.png","ip":"::1","time":1571836187802}
{"url":"/","ip":"::1","time":1571836298188}
{"url":"/images/position.png","ip":"::1","time":1571836298437}
{"url":"/images/%E7%BE%8E%E9%A3%9F.png","ip":"::1","time":1571836298463}
{"url":"/images/right_jt.png","ip":"::1","time":1571836298464}
{"url":"/images/search.png","ip":"::1","time":1571836298667}
{"url":"/images/%E7%BE%8E%E9%A3%9F.png","ip":"::1","time":1571836298676}
{"url":"/images/right_jt.png","ip":"::1","time":1571836298677}
{"url":"/","ip":"::1","time":1571836498679}
{"url":"/images/position.png","ip":"::1","time":1571836498983}
{"url":"/images/%E7%BE%8E%E9%A3%9F.png","ip":"::1","time":1571836499043}
{"url":"/images/right_jt.png","ip":"::1","time":1571836499043}
{"url":"/images/search.png","ip":"::1","time":1571836499236}
{"url":"/images/%E7%BE%8E%E9%A3%9F.png","ip":"::1","time":1571836499243}
{"url":"/images/right_jt.png","ip":"::1","time":1571836499243}
{"url":"/","ip":"::1","time":1571836690373}
{"url":"/images/position.png","ip":"::1","time":1571836690569}
{"url":"/images/%E7%BE%8E%E9%A3%9F.png","ip":"::1","time":1571836690599}
{"url":"/images/right_jt.png","ip":"::1","time":1571836690601}
{"url":"/images/search.png","ip":"::1","time":1571836690775}
{"url":"/images/right_jt.png","ip":"::1","time":1571836690783}
{"url":"/images/%E7%BE%8E%E9%A3%9F.png","ip":"::1","time":1571836690783}
{"url":"/","ip":"::1","time":1571836731471}
{"url":"/images/position.png","ip":"::1","time":1571836731695}
{"url":"/images/%E7%BE%8E%E9%A3%9F.png","ip":"::1","time":1571836731735}
{"url":"/images/right_jt.png","ip":"::1","time":1571836731736}
{"url":"/images/search.png","ip":"::1","time":1571836731912}
{"url":"/images/%E7%BE%8E%E9%A3%9F.png","ip":"::1","time":1571836731918}
{"url":"/images/right_jt.png","ip":"::1","time":1571836731919}
{"url":"/","ip":"::1","time":1571836759889}
{"url":"/images/position.png","ip":"::1","time":1571836760096}
{"url":"/images/%E7%BE%8E%E9%A3%9F.png","ip":"::1","time":1571836760115}
{"url":"/images/right_jt.png","ip":"::1","time":1571836760117}
{"url":"/images/search.png","ip":"::1","time":1571836760304}
{"url":"/images/%E7%BE%8E%E9%A3%9F.png","ip":"::1","time":1571836760308}
{"url":"/images/right_jt.png","ip":"::1","time":1571836760308}
{"url":"/","ip":"::1","time":1571836935958}
{"url":"/images/position.png","ip":"::1","time":1571836936153}
{"url":"/images/right_jt.png","ip":"::1","time":1571836936187}
{"url":"/images/%E7%BE%8E%E9%A3%9F.png","ip":"::1","time":1571836936188}
{"url":"/images/search.png","ip":"::1","time":1571836936405}
{"url":"/images/%E7%BE%8E%E9%A3%9F.png","ip":"::1","time":1571836936409}
{"url":"/images/right_jt.png","ip":"::1","time":1571836936409}
{"url":"/","ip":"::1","time":1571837081752}
{"url":"/images/position.png","ip":"::1","time":1571837081970}
{"url":"/images/%E7%BE%8E%E9%A3%9F.png","ip":"::1","time":1571837081999}
{"url":"/images/right_jt.png","ip":"::1","time":1571837082008}
{"url":"/images/search.png","ip":"::1","time":1571837082238}
{"url":"/images/right_jt.png","ip":"::1","time":1571837082246}
{"url":"/images/%E7%BE%8E%E9%A3%9F.png","ip":"::1","time":1571837082246}
{"url":"/","ip":"::1","time":1571837197826}
{"url":"/images/position.png","ip":"::1","time":1571837198024}
{"url":"/images/%E7%BE%8E%E9%A3%9F.png","ip":"::1","time":1571837198050}
{"url":"/images/right_jt.png","ip":"::1","time":1571837198065}
{"url":"/images/search.png","ip":"::1","time":1571837198236}
{"url":"/images/%E7%BE%8E%E9%A3%9F.png","ip":"::1","time":1571837198242}
{"url":"/images/right_jt.png","ip":"::1","time":1571837198242}
{"url":"/","ip":"::1","time":1571837384922}
{"url":"/images/position.png","ip":"::1","time":1571837385089}
{"url":"/images/%E7%BE%8E%E9%A3%9F.png","ip":"::1","time":1571837385115}
{"url":"/images/right_jt.png","ip":"::1","time":1571837385120}
{"url":"/images/search.png","ip":"::1","time":1571837385443}
{"url":"/images/%E7%BE%8E%E9%A3%9F.png","ip":"::1","time":1571837385446}
{"url":"/images/right_jt.png","ip":"::1","time":1571837385446}
{"url":"/","ip":"::1","time":1571837406124}
{"url":"/images/position.png","ip":"::1","time":1571837406300}
{"url":"/images/%E7%BE%8E%E9%A3%9F.png","ip":"::1","time":1571837406322}
{"url":"/images/right_jt.png","ip":"::1","time":1571837406325}
{"url":"/images/search.png","ip":"::1","time":1571837406539}
{"url":"/images/%E7%BE%8E%E9%A3%9F.png","ip":"::1","time":1571837406550}
{"url":"/images/right_jt.png","ip":"::1","time":1571837406550}
{"url":"/","ip":"::1","time":1571837497601}
{"url":"/images/position.png","ip":"::1","time":1571837497855}
{"url":"/images/%E7%BE%8E%E9%A3%9F.png","ip":"::1","time":1571837497864}
{"url":"/images/right_jt.png","ip":"::ffff:127.0.0.1","time":1571837497864}
{"url":"/images/search.png","ip":"::1","time":1571837498362}
{"url":"/images/%E7%BE%8E%E9%A3%9F.png","ip":"::1","time":1571837498368}
{"url":"/images/right_jt.png","ip":"::ffff:127.0.0.1","time":1571837498368}
{"url":"/list","ip":"::1","time":1571837533755}
{"url":"/images/position.png","ip":"::1","time":1571837533945}
{"url":"/list","ip":"::1","time":1571837561425}
{"url":"/images/position.png","ip":"::1","time":1571837561524}
{"url":"/list","ip":"::1","time":1571837588016}
{"url":"/images/position.png","ip":"::1","time":1571837588126}
{"url":"/images/search.png","ip":"::1","time":1571837588325}
{"url":"/list","ip":"::1","time":1571837601333}
{"url":"/images/position.png","ip":"::1","time":1571837601433}
{"url":"/images/search.png","ip":"::1","time":1571837601547}
{"url":"/list","ip":"::1","time":1571837908351}
{"url":"/images/position.png","ip":"::1","time":1571837908464}
{"url":"/images/search.png","ip":"::1","time":1571837908588}
{"url":"/list","ip":"::1","time":1571837925043}
{"url":"/images/position.png","ip":"::1","time":1571837925129}
{"url":"/images/search.png","ip":"::1","time":1571837925260}
{"url":"/list?kw=a","ip":"::1","time":1571837952904}
{"url":"/images/position.png","ip":"::1","time":1571837953023}
{"url":"/images/search.png","ip":"::1","time":1571837953225}
{"url":"/list?kw=a","ip":"::1","time":1571838152187}
{"url":"/images/position.png","ip":"::1","time":1571838152351}
{"url":"/images/search.png","ip":"::1","time":1571838152535}
{"url":"/list?kw=a","ip":"::1","time":1571838187076}
{"url":"/images/position.png","ip":"::1","time":1571838187266}
{"url":"/images/search.png","ip":"::1","time":1571838187431}
{"url":"/list?kw=a","ip":"::1","time":1571838212301}
{"url":"/images/position.png","ip":"::1","time":1571838212460}
{"url":"/images/search.png","ip":"::1","time":1571838212653}
{"url":"/list?kw=a","ip":"::1","time":1571838258856}
{"url":"/images/position.png","ip":"::1","time":1571838259035}
{"url":"/images/search.png","ip":"::1","time":1571838259230}
{"url":"/list?kw=a","ip":"::1","time":1571838311956}
{"url":"/images/position.png","ip":"::1","time":1571838312090}
{"url":"/images/search.png","ip":"::1","time":1571838312288}
{"url":"/list?kw=a","ip":"::1","time":1571839509537}
{"url":"/images/position.png","ip":"::1","time":1571839509978}
{"url":"/images/search.png","ip":"::1","time":1571839510187}
{"url":"/list?kw=a","ip":"::1","time":1571839574149}
{"url":"/images/position.png","ip":"::1","time":1571839574328}
{"url":"/images/search.png","ip":"::1","time":1571839574484}
{"url":"/list?kw=%E7%81%AB","ip":"::1","time":1571839588734}
{"url":"/images/position.png","ip":"::1","time":1571839588845}
{"url":"/images/search.png","ip":"::1","time":1571839589019}
{"url":"/list?kw=%E7%81%AB","ip":"::1","time":1571839685112}
{"url":"/images/position.png","ip":"::1","time":1571839685267}
{"url":"/images/search.png","ip":"::1","time":1571839685787}
{"url":"/list?kw=%E7%81%AB","ip":"::ffff:127.0.0.1","time":1571839710808}
{"url":"/images/position.png","ip":"::1","time":1571839710979}
{"url":"/images/search.png","ip":"::ffff:127.0.0.1","time":1571839711142}
{"url":"/list?kw=%E8%82%89","ip":"::1","time":1571839726593}
{"url":"/images/position.png","ip":"::1","time":1571839726688}
{"url":"/images/search.png","ip":"::1","time":1571839726895}
{"url":"/list?kw=%E4%B8%8A","ip":"::1","time":1571839737960}
{"url":"/images/position.png","ip":"::1","time":1571839738052}
{"url":"/images/search.png","ip":"::1","time":1571839738254}
{"url":"/list?kw=%E4%B8%8A","ip":"::1","time":1571839819276}
{"url":"/images/position.png","ip":"::1","time":1571839819446}
{"url":"/images/search.png","ip":"::1","time":1571839819627}
{"url":"/list?kw=%E4%B8%8A","ip":"::1","time":1571839834927}
{"url":"/images/position.png","ip":"::1","time":1571839835101}
{"url":"/images/search.png","ip":"::1","time":1571839835290}
{"url":"/list?kw=%E7%81%AB%E9%94%85","ip":"::1","time":1571839842771}
{"url":"/images/position.png","ip":"::1","time":1571839842867}
{"url":"/images/search.png","ip":"::1","time":1571839843073}
{"url":"/","ip":"::1","time":1571839922585}
{"url":"/images/position.png","ip":"::1","time":1571839922827}
{"url":"/images/%E7%BE%8E%E9%A3%9F.png","ip":"::1","time":1571839922847}
{"url":"/images/right_jt.png","ip":"::1","time":1571839922848}
{"url":"/images/search.png","ip":"::1","time":1571839923042}
{"url":"/images/%E7%BE%8E%E9%A3%9F.png","ip":"::1","time":1571839923054}
{"url":"/images/right_jt.png","ip":"::1","time":1571839923054}
{"url":"/","ip":"::1","time":1571839924339}
{"url":"/images/position.png","ip":"::1","time":1571839924455}
{"url":"/images/right_jt.png","ip":"::1","time":1571839924465}
{"url":"/images/%E7%BE%8E%E9%A3%9F.png","ip":"::1","time":1571839924465}
{"url":"/images/search.png","ip":"::1","time":1571839924518}
{"url":"/images/%E7%BE%8E%E9%A3%9F.png","ip":"::1","time":1571839924523}
{"url":"/images/right_jt.png","ip":"::1","time":1571839924523}
{"url":"/list?kw=%E7%81%AB%E9%94%85","ip":"::1","time":1571839934129}
{"url":"/images/position.png","ip":"::1","time":1571839934220}
{"url":"/images/search.png","ip":"::1","time":1571839934398}
{"url":"/list?kw=%E7%81%AB%E9%94%85","ip":"::1","time":1571839935467}
{"url":"/images/position.png","ip":"::1","time":1571839935537}
{"url":"/images/search.png","ip":"::1","time":1571839935703}
{"url":"/list?kw=%E7%81%AB","ip":"::1","time":1571839972862}
{"url":"/images/position.png","ip":"::1","time":1571839972957}
{"url":"/images/search.png","ip":"::1","time":1571839973161}
{"url":"/list?kw=%E7%81%AB","ip":"::1","time":1571840066747}
{"url":"/images/position.png","ip":"::1","time":1571840066921}
{"url":"/images/search.png","ip":"::1","time":1571840067081}
{"url":"/list?kw=%E5%95%A4%E9%85%92","ip":"::1","time":1571840094403}
{"url":"/images/position.png","ip":"::1","time":1571840094542}
{"url":"/images/search.png","ip":"::1","time":1571840094707}
{"url":"/list?kw=%E5%95%A4%E9%85%92","ip":"::1","time":1571840140007}
{"url":"/images/position.png","ip":"::1","time":1571840140156}
{"url":"/images/search.png","ip":"::1","time":1571840140351}
{"url":"/list?kw=%E7%81%AB","ip":"::1","time":1571840145200}
{"url":"/images/position.png","ip":"::1","time":1571840145300}
{"url":"/images/search.png","ip":"::1","time":1571840145482}
{"url":"/list?kw=%E5%95%A4%E9%85%92","ip":"::1","time":1571840207714}
{"url":"/images/position.png","ip":"::1","time":1571840207812}
{"url":"/images/search.png","ip":"::1","time":1571840208016}
{"url":"/shop/1","ip":"::1","time":1572615469590}
{"url":"/shop/css/base.css","ip":"::1","time":1572615469816}
{"url":"/shop/css/public.css","ip":"::1","time":1572615469816}
{"url":"/shop/css/%E8%AF%A6%E6%83%85%E9%A1%B5.css","ip":"::1","time":1572615469817}
{"url":"/shop/images/position.png","ip":"::1","time":1572615469847}
{"url":"/shop/images/search.png","ip":"::1","time":1572615470332}
{"url":"/shop/1","ip":"::1","time":1572615540522}
{"url":"/shop/images/position.png","ip":"::1","time":1572615540630}
{"url":"/shop/images/search.png","ip":"::1","time":1572615540680}
{"url":"/favicon.ico","ip":"::1","time":1572615540879}
{"url":"/shop/1","ip":"::1","time":1572615553613}
{"url":"/shop/images/position.png","ip":"::1","time":1572615553723}
{"url":"/shop/images/search.png","ip":"::1","time":1572615553873}
{"url":"/shop/","ip":"::1","time":1572615666747}
{"url":"/shop/","ip":"::1","time":1572615763031}
{"url":"/shop/","ip":"::1","time":1572615849547}
{"url":"/shop/","ip":"::1","time":1572615860659}
{"url":"/shop/","ip":"::1","time":1572615882091}
{"url":"/shop/","ip":"::1","time":1572615991625}
{"url":"/shop/11","ip":"::1","time":1572615993798}
{"url":"/shop/images/position.png","ip":"::1","time":1572615993932}
{"url":"/shop/images/search.png","ip":"::1","time":1572615994082}
{"url":"/shop/5ed14de1c2824f12a136646ccaa035a7","ip":"::1","time":1572616011379}
{"url":"/shop/images/position.png","ip":"::1","time":1572616011519}
{"url":"/shop/images/search.png","ip":"::1","time":1572616011662}
{"url":"/shop/5ed14de1c2824f12a136646ccaa035a7","ip":"::1","time":1572616315295}
{"url":"/shop/images/position.png","ip":"::1","time":1572616315490}
{"url":"/shop/images/search.png","ip":"::1","time":1572616315626}
{"url":"/shop/5ed14de1c2824f12a136646ccaa035a7","ip":"::1","time":1572616391662}
{"url":"/shop/images/position.png","ip":"::1","time":1572616391812}
{"url":"/shop/images/search.png","ip":"::1","time":1572616391951}
{"url":"/shop/5ed14de1c2824f12a136646ccaa035a7","ip":"::1","time":1572616466649}
{"url":"/shop/images/position.png","ip":"::1","time":1572616466832}
{"url":"/shop/images/search.png","ip":"::1","time":1572616466959}
{"url":"/shop/5ed14de1c2824f12a136646ccaa035a7","ip":"::1","time":1572616742804}
{"url":"/shop/images/position.png","ip":"::1","time":1572616742955}
{"url":"/shop/images/search.png","ip":"::1","time":1572616743102}
{"url":"/shop/5ed14de1c2824f12a136646ccaa035a7","ip":"::1","time":1572616762582}
{"url":"/shop/images/position.png","ip":"::1","time":1572616762774}
{"url":"/shop/images/search.png","ip":"::1","time":1572616762936}
{"url":"/shop/5ed14de1c2824f12a136646ccaa035a7","ip":"::1","time":1572616961263}
{"url":"/shop/images/position.png","ip":"::1","time":1572616961461}
{"url":"/shop/images/search.png","ip":"::1","time":1572616961595}
{"url":"/shop/23e4867a6cd14448bba01c32493b74b0","ip":"::1","time":1572617001899}
{"url":"/shop/images/position.png","ip":"::1","time":1572617002120}
{"url":"/shop/images/search.png","ip":"::1","time":1572617002284}
{"url":"/shop/fd24a094de41412382e9932861bd7ab7","ip":"::1","time":1572617111787}
{"url":"/shop/images/position.png","ip":"::1","time":1572617112000}
{"url":"/shop/images/search.png","ip":"::1","time":1572617112139}
{"url":"/shop/fd24a094de41412382e9932861bd7ab7","ip":"::1","time":1572617210519}
{"url":"/shop/images/position.png","ip":"::ffff:127.0.0.1","time":1572617210692}
{"url":"/shop/images/search.png","ip":"::1","time":1572617210822}
{"url":"/shop/fd24a094de41412382e9932861bd7ab7","ip":"::1","time":1572617266112}
{"url":"/shop/images/position.png","ip":"::1","time":1572617266312}
{"url":"/shop/images/search.png","ip":"::1","time":1572617266444}
{"url":"/shop/fd24a094de41412382e9932861bd7ab7","ip":"::1","time":1572617328983}
{"url":"/shop/images/position.png","ip":"::1","time":1572617329185}
{"url":"/shop/images/search.png","ip":"::1","time":1572617329323}
{"url":"/shop/fd24a094de41412382e9932861bd7ab7","ip":"::1","time":1572617559405}
{"url":"/shop/images/position.png","ip":"::1","time":1572617559674}
{"url":"/shop/images/search.png","ip":"::1","time":1572617559813}
{"url":"/shop/fd24a094de41412382e9932861bd7ab7","ip":"::1","time":1572617592704}
{"url":"/shop/images/position.png","ip":"::1","time":1572617592899}
{"url":"/shop/images/search.png","ip":"::1","time":1572617593030}
{"url":"/shop/fd24a094de41412382e9932861bd7ab7","ip":"::1","time":1572617618327}
{"url":"/shop/images/position.png","ip":"::1","time":1572617618491}
{"url":"/shop/images/search.png","ip":"::1","time":1572617618619}
{"url":"/shop/fd24a094de41412382e9932861bd7ab7","ip":"::1","time":1572617692935}
{"url":"/shop/images/position.png","ip":"::1","time":1572617693128}
{"url":"/shop/images/search.png","ip":"::1","time":1572617693241}
{"url":"/shop/fd24a094de41412382e9932861bd7ab7","ip":"::1","time":1572617707985}
{"url":"/shop/images/position.png","ip":"::1","time":1572617708321}
{"url":"/shop/images/search.png","ip":"::1","time":1572617708450}
{"url":"/shop/fd24a094de41412382e9932861bd7ab7","ip":"::1","time":1572617767319}
{"url":"/shop/images/position.png","ip":"::1","time":1572617767528}
{"url":"/shop/images/search.png","ip":"::1","time":1572617767651}
{"url":"/shop/fd24a094de41412382e9932861bd7ab7","ip":"::1","time":1572617872753}
{"url":"/shop/images/position.png","ip":"::1","time":1572617872965}
{"url":"/shop/images/search.png","ip":"::1","time":1572617873099}
{"url":"/shop/fd24a094de41412382e9932861bd7ab7","ip":"::1","time":1572617921699}
{"url":"/shop/images/position.png","ip":"::1","time":1572617921823}
{"url":"/shop/images/search.png","ip":"::1","time":1572617921954}
{"url":"/shop/fd24a094de41412382e9932861bd7ab7","ip":"::1","time":1572618031164}
{"url":"/shop/images/position.png","ip":"::1","time":1572618031375}
{"url":"/shop/images/search.png","ip":"::1","time":1572618031540}
{"url":"/shop/fd24a094de41412382e9932861bd7ab7","ip":"::1","time":1572618172203}
{"url":"/shop/fd24a094de41412382e9932861bd7ab7","ip":"::1","time":1572618187536}
{"url":"/shop/fd24a094de41412382e9932861bd7ab7","ip":"::1","time":1572618277611}
{"url":"/shop/images/position.png","ip":"::1","time":1572618277809}
{"url":"/shop/images/search.png","ip":"::1","time":1572618277976}
{"url":"/shop/fd24a094de41412382e9932861bd7ab7","ip":"::1","time":1572618295324}
{"url":"/shop/images/position.png","ip":"::1","time":1572618295449}
{"url":"/shop/images/search.png","ip":"::1","time":1572618295591}
{"url":"/shop/fd24a094de41412382e9932861bd7ab7","ip":"::1","time":1572618300290}
{"url":"/shop/images/position.png","ip":"::1","time":1572618300427}
{"url":"/shop/images/search.png","ip":"::1","time":1572618300501}
{"url":"/shop/fd24a094de41412382e9932861bd7ab7","ip":"::1","time":1572618321189}
{"url":"/shop/images/position.png","ip":"::1","time":1572618321314}
{"url":"/shop/images/search.png","ip":"::1","time":1572618321459}
{"url":"/shop/fd24a094de41412382e9932861bd7ab7","ip":"::1","time":1572618341646}
{"url":"/shop/images/position.png","ip":"::1","time":1572618341742}
{"url":"/shop/images/search.png","ip":"::1","time":1572618341881}
{"url":"/shop/fd24a094de41412382e9932861bd7ab7","ip":"::1","time":1572618362979}
{"url":"/shop/images/position.png","ip":"::1","time":1572618363089}
{"url":"/shop/images/search.png","ip":"::1","time":1572618363235}
{"url":"/shop/fd24a094de41412382e9932861bd7ab7","ip":"::1","time":1572618378848}
{"url":"/shop/images/position.png","ip":"::1","time":1572618378954}
{"url":"/shop/images/search.png","ip":"::1","time":1572618379073}
{"url":"/shop/9236e771c0c94ae89a68a4f9da4ca6a5","ip":"::1","time":1572618397761}
{"url":"/shop/images/position.png","ip":"::1","time":1572618397856}
{"url":"/shop/images/search.png","ip":"::1","time":1572618397993}
{"url":"/shop/f3e88faa8fa745bd90ed920728f47fba","ip":"::1","time":1572618409491}
{"url":"/shop/images/position.png","ip":"::1","time":1572618409587}
{"url":"/shop/images/search.png","ip":"::1","time":1572618409731}
{"url":"/shop/f3e88faa8fa745bd90ed920728f47fba","ip":"::1","time":1572618636244}
{"url":"/shop/images/position.png","ip":"::1","time":1572618636438}
{"url":"/shop/images/search.png","ip":"::1","time":1572618636576}
{"url":"/shop/f3e88faa8fa745bd90ed920728f47fba","ip":"::1","time":1572618637106}
{"url":"/shop/images/position.png","ip":"::1","time":1572618637184}
{"url":"/shop/images/search.png","ip":"::1","time":1572618637252}
{"url":"/shop/f3e88faa8fa745bd90ed920728f47fba","ip":"::1","time":1572618637577}
{"url":"/shop/images/position.png","ip":"::1","time":1572618637664}
{"url":"/shop/images/search.png","ip":"::1","time":1572618637732}
{"url":"/shop/f3e88faa8fa745bd90ed920728f47fba","ip":"::1","time":1572618637905}
{"url":"/shop/images/position.png","ip":"::1","time":1572618637980}
{"url":"/shop/images/search.png","ip":"::1","time":1572618638049}
{"url":"/shop/f3e88faa8fa745bd90ed920728f47fba","ip":"::1","time":1572618638281}
{"url":"/shop/images/position.png","ip":"::1","time":1572618638354}
{"url":"/shop/images/search.png","ip":"::1","time":1572618638421}
{"url":"/shop/f3e88faa8fa745bd90ed920728f47fba","ip":"::1","time":1572618638636}
{"url":"/shop/images/position.png","ip":"::1","time":1572618638722}
{"url":"/shop/images/search.png","ip":"::1","time":1572618638779}
{"url":"/shop/f3e88faa8fa745bd90ed920728f47fba","ip":"::1","time":1572618638916}
{"url":"/shop/images/position.png","ip":"::1","time":1572618638982}
{"url":"/shop/images/search.png","ip":"::1","time":1572618639041}
{"url":"/shop/f3e88faa8fa745bd90ed920728f47fba","ip":"::1","time":1572618639224}
{"url":"/shop/images/position.png","ip":"::1","time":1572618639296}
{"url":"/shop/images/search.png","ip":"::1","time":1572618639358}
{"url":"/shop/f3e88faa8fa745bd90ed920728f47fba","ip":"::1","time":1572618639462}
{"url":"/shop/images/position.png","ip":"::1","time":1572618639542}
{"url":"/shop/images/search.png","ip":"::1","time":1572618639603}
{"url":"/shop/f3e88faa8fa745bd90ed920728f47fba","ip":"::1","time":1572618639670}
{"url":"/shop/images/position.png","ip":"::1","time":1572618639739}
{"url":"/shop/images/search.png","ip":"::1","time":1572618639802}
{"url":"/shop/f3e88faa8fa745bd90ed920728f47fba","ip":"::1","time":1572618639868}
{"url":"/shop/images/position.png","ip":"::1","time":1572618639936}
{"url":"/shop/images/search.png","ip":"::1","time":1572618640004}
{"url":"/shop/f3e88faa8fa745bd90ed920728f47fba","ip":"::1","time":1572618640067}
{"url":"/shop/images/position.png","ip":"::1","time":1572618640132}
{"url":"/shop/images/search.png","ip":"::1","time":1572618640211}
{"url":"/shop/f3e88faa8fa745bd90ed920728f47fba","ip":"::1","time":1572618640228}
{"url":"/shop/images/position.png","ip":"::1","time":1572618640324}
{"url":"/shop/images/search.png","ip":"::1","time":1572618640379}
{"url":"/","ip":"::1","time":1572868681610}
{"url":"/images/position.png","ip":"::1","time":1572868682367}
{"url":"/images/%E7%BE%8E%E9%A3%9F.png","ip":"::1","time":1572868682530}
{"url":"/images/right_jt.png","ip":"::1","time":1572868682530}
{"url":"/images/search.png","ip":"::1","time":1572868682815}
{"url":"/images/%E7%BE%8E%E9%A3%9F.png","ip":"::1","time":1572868682820}
{"url":"/images/right_jt.png","ip":"::1","time":1572868682820}
{"url":"/favicon.ico","ip":"::1","time":1572868683515}
{"url":"/list?kw=%E7%81%AB%E9%94%85","ip":"::1","time":1572868734976}
{"url":"/images/position.png","ip":"::1","time":1572868735134}
{"url":"/images/search.png","ip":"::1","time":1572868735347}
{"url":"/favicon.ico","ip":"::1","time":1572868735774}
{"url":"/list?kw=%E7%81%AB%E9%94%85","ip":"::1","time":1572868742067}
{"url":"/images/position.png","ip":"::1","time":1572868742246}
{"url":"/images/search.png","ip":"::1","time":1572868742399}
{"url":"/favicon.ico","ip":"::1","time":1572868742872}
{"url":"/","ip":"::1","time":1572868989203}
{"url":"/images/position.png","ip":"::1","time":1572868989365}
{"url":"/images/%E7%BE%8E%E9%A3%9F.png","ip":"::1","time":1572868989392}
{"url":"/images/right_jt.png","ip":"::1","time":1572868989392}
{"url":"/images/search.png","ip":"::1","time":1572868989502}
{"url":"/images/%E7%BE%8E%E9%A3%9F.png","ip":"::1","time":1572868989521}
{"url":"/images/right_jt.png","ip":"::1","time":1572868989521}
{"url":"/favicon.ico","ip":"::1","time":1572868989826}
{"url":"/list?kw=xxx","ip":"::1","time":1572869147630}
{"url":"/images/position.png","ip":"::1","time":1572869147766}
{"url":"/images/search.png","ip":"::1","time":1572869147913}
{"url":"/favicon.ico","ip":"::1","time":1572869148149}
{"url":"/","ip":"::1","time":1572869229062}
{"url":"/images/position.png","ip":"::1","time":1572869229253}
{"url":"/images/%E7%BE%8E%E9%A3%9F.png","ip":"::1","time":1572869229282}
{"url":"/images/right_jt.png","ip":"::1","time":1572869229283}
{"url":"/images/search.png","ip":"::1","time":1572869229797}
{"url":"/images/%E7%BE%8E%E9%A3%9F.png","ip":"::1","time":1572869229804}
{"url":"/images/right_jt.png","ip":"::1","time":1572869229805}
{"url":"/favicon.ico","ip":"::1","time":1572869230028}
{"url":"/","ip":"::1","time":1572869294830}
{"url":"/images/position.png","ip":"::1","time":1572869295116}
{"url":"/images/%E7%BE%8E%E9%A3%9F.png","ip":"::1","time":1572869295184}
{"url":"/images/right_jt.png","ip":"::1","time":1572869295186}
{"url":"/images/search.png","ip":"::1","time":1572869295611}
{"url":"/images/%E7%BE%8E%E9%A3%9F.png","ip":"::1","time":1572869295623}
{"url":"/images/right_jt.png","ip":"::1","time":1572869295623}
{"url":"/favicon.ico","ip":"::1","time":1572869295884}
{"url":"/list?kw=%E7%81%AB%E9%94%85","ip":"::1","time":1572869301543}
{"url":"/images/position.png","ip":"::1","time":1572869301643}
{"url":"/images/search.png","ip":"::1","time":1572869301810}
{"url":"/favicon.ico","ip":"::1","time":1572869301984}
{"url":"/favicon.ico","ip":"::1","time":1572869333568}
{"url":"/favicon.ico","ip":"::1","time":1572869334367}
{"url":"/list?kw=%E7%81%AB%E9%94%85","ip":"::1","time":1572869511065}
{"url":"/images/position.png","ip":"::1","time":1572869511152}
{"url":"/images/search.png","ip":"::1","time":1572869511359}
{"url":"/favicon.ico","ip":"::1","time":1572869511730}
{"url":"/list?kw=%E7%81%AB%E9%94%85","ip":"::1","time":1572869521102}
{"url":"/images/position.png","ip":"::1","time":1572869521242}
{"url":"/images/search.png","ip":"::1","time":1572869521451}
{"url":"/favicon.ico","ip":"::1","time":1572869521633}
{"url":"/list?kw=%E7%81%AB%E9%94%85","ip":"::1","time":1572869550407}
{"url":"/images/position.png","ip":"::1","time":1572869550601}
{"url":"/images/search.png","ip":"::1","time":1572869550798}
{"url":"/favicon.ico","ip":"::1","time":1572869550990}
{"url":"/shop/fa9eb7b826de4224a1d8191fadcb7704","ip":"::1","time":1572869553346}
{"url":"/shop/images/position.png","ip":"::1","time":1572869553626}
{"url":"/shop/images/search.png","ip":"::1","time":1572869553840}
{"url":"/favicon.ico","ip":"::1","time":1572869554178}
{"url":"/shop/fa9eb7b826de4224a1d8191fadcb7704","ip":"::1","time":1572869636151}
{"url":"/favicon.ico","ip":"::1","time":1572869636590}
{"url":"/favicon.ico","ip":"::1","time":1572869726990}
{"url":"/","ip":"::1","time":1572869792992}
{"url":"/images/position.png","ip":"::1","time":1572869793239}
{"url":"/images/%E7%BE%8E%E9%A3%9F.png","ip":"::1","time":1572869793272}
{"url":"/images/right_jt.png","ip":"::1","time":1572869793272}
{"url":"/images/search.png","ip":"::1","time":1572869793742}
{"url":"/images/%E7%BE%8E%E9%A3%9F.png","ip":"::1","time":1572869793752}
{"url":"/images/right_jt.png","ip":"::1","time":1572869793752}
{"url":"/favicon.ico","ip":"::1","time":1572869794369}
{"url":"/favicon.ico","ip":"::1","time":1572869801119}
{"url":"/favicon.ico","ip":"::1","time":1572869801282}
{"url":"/favicon.ico","ip":"::1","time":1572869801426}
{"url":"/","ip":"::1","time":1572869863634}
{"url":"/images/position.png","ip":"::1","time":1572869863898}
{"url":"/images/%E7%BE%8E%E9%A3%9F.png","ip":"::1","time":1572869863932}
{"url":"/images/right_jt.png","ip":"::1","time":1572869863936}
{"url":"/images/search.png","ip":"::1","time":1572869864189}
{"url":"/images/%E7%BE%8E%E9%A3%9F.png","ip":"::1","time":1572869864198}
{"url":"/images/right_jt.png","ip":"::1","time":1572869864198}
{"url":"/favicon.ico","ip":"::1","time":1572869864460}
{"url":"/list?kw=%E7%81%AB%E9%94%85","ip":"::1","time":1572869867899}
{"url":"/images/position.png","ip":"::1","time":1572869867997}
{"url":"/images/search.png","ip":"::1","time":1572869868206}
{"url":"/favicon.ico","ip":"::1","time":1572869868414}
{"url":"/shop/fa9eb7b826de4224a1d8191fadcb7704","ip":"::1","time":1572869871271}
{"url":"/shop/images/position.png","ip":"::1","time":1572869871612}
{"url":"/shop/images/search.png","ip":"::1","time":1572869871820}
{"url":"/favicon.ico","ip":"::1","time":1572869872008}
{"url":"/favicon.ico","ip":"::1","time":1572869879784}
{"url":"/favicon.ico","ip":"::1","time":1572869881379}
{"url":"/list?kw=%E7%B1%B3%E9%A5%AD","ip":"::1","time":1572869899206}
{"url":"/images/position.png","ip":"::1","time":1572869899313}
{"url":"/images/search.png","ip":"::1","time":1572869899402}
{"url":"/favicon.ico","ip":"::1","time":1572869899489}
{"url":"/shop/8f417774f7f6404e8dd44e60f2489c99","ip":"::1","time":1572869914147}
{"url":"/shop/images/position.png","ip":"::1","time":1572869914393}
{"url":"/shop/images/search.png","ip":"::1","time":1572869914465}
{"url":"/favicon.ico","ip":"::1","time":1572869914545}
{"url":"/favicon.ico","ip":"::1","time":1572869919604}
{"url":"/shop/8f417774f7f6404e8dd44e60f2489c99","ip":"::1","time":1572869921440}
{"url":"/shop/images/position.png","ip":"::1","time":1572869921649}
{"url":"/shop/images/search.png","ip":"::1","time":1572869921704}
{"url":"/favicon.ico","ip":"::1","time":1572869921769}
{"url":"/shop/8f417774f7f6404e8dd44e60f2489c99","ip":"::1","time":1572870187854}
{"url":"/shop/images/position.png","ip":"::1","time":1572870188057}
{"url":"/files/$%7Bgroup.img%7D","ip":"::1","time":1572870188083}
{"url":"/shop/images/search.png","ip":"::1","time":1572870188598}
{"url":"/files/$%7Bgroup.img%7D","ip":"::1","time":1572870188602}
{"url":"/favicon.ico","ip":"::1","time":1572870188756}
{"url":"/shop/8f417774f7f6404e8dd44e60f2489c99","ip":"::1","time":1572870231050}
{"url":"/shop/images/position.png","ip":"::1","time":1572870231270}
{"url":"/files/$%7Bgroup.img%7D","ip":"::1","time":1572870231293}
{"url":"/shop/images/search.png","ip":"::1","time":1572870231574}
{"url":"/files/$%7Bgroup.img%7D","ip":"::1","time":1572870231579}
{"url":"/favicon.ico","ip":"::1","time":1572870231741}
{"url":"/shop/8f417774f7f6404e8dd44e60f2489c99","ip":"::1","time":1572870263018}
{"url":"/shop/images/position.png","ip":"::1","time":1572870263215}
{"url":"/shop/images/search.png","ip":"::1","time":1572870263779}
{"url":"/favicon.ico","ip":"::1","time":1572870263935}
{"url":"/list?kw=%E7%81%AB%E9%94%85","ip":"::1","time":1572870274300}
{"url":"/images/position.png","ip":"::1","time":1572870274364}
{"url":"/images/search.png","ip":"::1","time":1572870274478}
{"url":"/favicon.ico","ip":"::1","time":1572870274589}
{"url":"/shop/fa9eb7b826de4224a1d8191fadcb7704","ip":"::1","time":1572870276809}
{"url":"/shop/images/position.png","ip":"::1","time":1572870277071}
{"url":"/shop/images/search.png","ip":"::1","time":1572870277211}
{"url":"/favicon.ico","ip":"::1","time":1572870277675}
{"url":"/shop/8f417774f7f6404e8dd44e60f2489c99","ip":"::1","time":1572870284407}
{"url":"/shop/images/position.png","ip":"::1","time":1572870284604}
{"url":"/shop/images/search.png","ip":"::1","time":1572870284869}
{"url":"/favicon.ico","ip":"::1","time":1572870285048}
{"url":"/shop/fa9eb7b826de4224a1d8191fadcb7704","ip":"::1","time":1572870427927}
{"url":"/shop/images/position.png","ip":"::1","time":1572870428130}
{"url":"/shop/images/search.png","ip":"::1","time":1572870428199}
{"url":"/favicon.ico","ip":"::1","time":1572870428271}
{"url":"/shop/8f417774f7f6404e8dd44e60f2489c99","ip":"::1","time":1572870431593}
{"url":"/shop/images/position.png","ip":"::1","time":1572870431813}
{"url":"/shop/images/search.png","ip":"::1","time":1572870432402}
{"url":"/favicon.ico","ip":"::1","time":1572870432533}
{"url":"/shop/8f417774f7f6404e8dd44e60f2489c99","ip":"::1","time":1572870444625}
{"url":"/shop/images/position.png","ip":"::1","time":1572870444851}
{"url":"/shop/images/search.png","ip":"::1","time":1572870445078}
{"url":"/favicon.ico","ip":"::1","time":1572870445248}
{"url":"/list?kw=%E5%85%AB%E5%AD%97%E5%84%BF","ip":"::1","time":1572870458340}
{"url":"/images/position.png","ip":"::1","time":1572870458404}
{"url":"/images/search.png","ip":"::1","time":1572870458557}
{"url":"/favicon.ico","ip":"::1","time":1572870458672}
{"url":"/shop/feef6e18016149998907a458cfa53a5b","ip":"::1","time":1572870460396}
{"url":"/shop/images/position.png","ip":"::1","time":1572870460752}
{"url":"/shop/images/search.png","ip":"::1","time":1572870460906}
{"url":"/favicon.ico","ip":"::1","time":1572870461386}
{"url":"/shop/feef6e18016149998907a458cfa53a5b","ip":"::1","time":1572870636969}
{"url":"/shop/images/position.png","ip":"::1","time":1572870637159}
{"url":"/shop/images/search.png","ip":"::1","time":1572870637543}
{"url":"/favicon.ico","ip":"::1","time":1572870637599}
{"url":"/shop/fa9eb7b826de4224a1d8191fadcb7704","ip":"::1","time":1572870646435}
{"url":"/shop/images/position.png","ip":"::1","time":1572870646679}
{"url":"/shop/images/search.png","ip":"::1","time":1572870646820}
{"url":"/favicon.ico","ip":"::1","time":1572870646919}
{"url":"/shop/8f417774f7f6404e8dd44e60f2489c99","ip":"::1","time":1572870652232}
{"url":"/shop/images/position.png","ip":"::1","time":1572870652433}
{"url":"/shop/images/search.png","ip":"::1","time":1572870652701}
{"url":"/favicon.ico","ip":"::1","time":1572870653173}
{"url":"/shop/8f417774f7f6404e8dd44e60f2489c99","ip":"::1","time":1572870696228}
{"url":"/shop/images/position.png","ip":"::1","time":1572870696397}
{"url":"/shop/images/search.png","ip":"::1","time":1572870696926}
{"url":"/favicon.ico","ip":"::1","time":1572870697080}
{"url":"/shop/fa9eb7b826de4224a1d8191fadcb7704","ip":"::1","time":1572870700943}
{"url":"/shop/images/position.png","ip":"::1","time":1572870701117}
{"url":"/shop/images/search.png","ip":"::1","time":1572870701266}
{"url":"/favicon.ico","ip":"::1","time":1572870701655}
{"url":"/shop/feef6e18016149998907a458cfa53a5b","ip":"::1","time":1572870705135}
{"url":"/shop/images/position.png","ip":"::1","time":1572870705332}
{"url":"/shop/images/search.png","ip":"::1","time":1572870705488}
{"url":"/favicon.ico","ip":"::1","time":1572870705631}
{"url":"/shop/8f417774f7f6404e8dd44e60f2489c99","ip":"::1","time":1572870760691}
{"url":"/shop/images/position.png","ip":"::1","time":1572870760876}
{"url":"/shop/images/search.png","ip":"::1","time":1572870761440}
{"url":"/favicon.ico","ip":"::1","time":1572870761606}
{"url":"/shop/8f417774f7f6404e8dd44e60f2489c99","ip":"::1","time":1572870824438}
{"url":"/shop/images/position.png","ip":"::1","time":1572870824841}
{"url":"/shop/images/search.png","ip":"::1","time":1572870825214}
{"url":"/favicon.ico","ip":"::1","time":1572870825788}
{"url":"/shop/8f417774f7f6404e8dd44e60f2489c99","ip":"::1","time":1572870915301}
{"url":"/shop/images/position.png","ip":"::1","time":1572870915808}
{"url":"/files/","ip":"::1","time":1572870916183}
{"url":"/shop/images/search.png","ip":"::1","time":1572870916372}
{"url":"/files/","ip":"::1","time":1572870916415}
{"url":"/favicon.ico","ip":"::1","time":1572870916951}
{"url":"/shop/8f417774f7f6404e8dd44e60f2489c99","ip":"::1","time":1572870993679}
{"url":"/shop/images/position.png","ip":"::1","time":1572870994218}
{"url":"/files/","ip":"::1","time":1572870994384}
{"url":"/shop/images/search.png","ip":"::1","time":1572870994562}
{"url":"/files/","ip":"::1","time":1572870994611}
{"url":"/favicon.ico","ip":"::1","time":1572870995179}
{"url":"/shop/8f417774f7f6404e8dd44e60f2489c99","ip":"::1","time":1572871004780}
{"url":"/shop/images/position.png","ip":"::1","time":1572871005225}
{"url":"/files/","ip":"::1","time":1572871005371}
{"url":"/shop/images/search.png","ip":"::1","time":1572871005591}
{"url":"/files/","ip":"::1","time":1572871005647}
{"url":"/favicon.ico","ip":"::1","time":1572871006187}
{"url":"/shop/8f417774f7f6404e8dd44e60f2489c99","ip":"::1","time":1572871156110}
{"url":"/favicon.ico","ip":"::1","time":1572871156244}
{"url":"/shop/8f417774f7f6404e8dd44e60f2489c99","ip":"::1","time":1572871228914}
{"url":"/shop/images/position.png","ip":"::1","time":1572871229454}
{"url":"/files/","ip":"::1","time":1572871229594}
{"url":"/shop/images/search.png","ip":"::1","time":1572871229708}
{"url":"/files/","ip":"::1","time":1572871229733}
{"url":"/files/","ip":"::1","time":1572871230164}
{"url":"/favicon.ico","ip":"::1","time":1572871230323}
{"url":"/shop/8f417774f7f6404e8dd44e60f2489c99","ip":"::1","time":1572871323816}
{"url":"/shop/images/position.png","ip":"::1","time":1572871324278}
{"url":"/files/","ip":"::1","time":1572871324419}
{"url":"/shop/images/search.png","ip":"::1","time":1572871324554}
{"url":"/files/","ip":"::1","time":1572871324607}
{"url":"/favicon.ico","ip":"::1","time":1572871325378}
{"url":"/shop/8f417774f7f6404e8dd44e60f2489c99","ip":"::1","time":1572871368894}
{"url":"/shop/images/position.png","ip":"::1","time":1572871369191}
{"url":"/files/","ip":"::1","time":1572871369271}
{"url":"/shop/images/search.png","ip":"::1","time":1572871369706}
{"url":"/files/","ip":"::1","time":1572871369718}
{"url":"/favicon.ico","ip":"::1","time":1572871370168}
{"url":"/shop/8f417774f7f6404e8dd44e60f2489c99","ip":"::1","time":1572871455032}
{"url":"/favicon.ico","ip":"::1","time":1572871455146}
{"url":"/shop/8f417774f7f6404e8dd44e60f2489c99","ip":"::1","time":1572871465898}
{"url":"/shop/images/position.png","ip":"::1","time":1572871466352}
{"url":"/files/","ip":"::1","time":1572871466450}
{"url":"/shop/images/search.png","ip":"::1","time":1572871466601}
{"url":"/files/","ip":"::1","time":1572871466620}
{"url":"/favicon.ico","ip":"::1","time":1572871467819}
{"url":"/shop/fa9eb7b826de4224a1d8191fadcb7704","ip":"::1","time":1572871578365}
{"url":"/shop/images/position.png","ip":"::1","time":1572871578724}
{"url":"/files/","ip":"::1","time":1572871578822}
{"url":"/shop/images/search.png","ip":"::1","time":1572871578911}
{"url":"/files/","ip":"::1","time":1572871578921}
{"url":"/favicon.ico","ip":"::1","time":1572871579295}
{"url":"/list?kw=%E5%85%AB","ip":"::1","time":1572871608367}
{"url":"/images/position.png","ip":"::1","time":1572871608431}
{"url":"/images/search.png","ip":"::1","time":1572871608580}
{"url":"/favicon.ico","ip":"::1","time":1572871608686}
{"url":"/list?kw=xx%E5%BA%97","ip":"::1","time":1572873958736}
{"url":"/images/position.png","ip":"::1","time":1572873958899}
{"url":"/images/search.png","ip":"::1","time":1572873959029}
{"url":"/favicon.ico","ip":"::1","time":1572873959132}
{"url":"/shop/2c77af86625540ec85f0d4edc5790afd","ip":"::1","time":1572873963132}
{"url":"/shop/images/position.png","ip":"::1","time":1572873963478}
{"url":"/files/","ip":"::1","time":1572873963492}
{"url":"/shop/images/search.png","ip":"::1","time":1572873963549}
{"url":"/files/","ip":"::1","time":1572873963562}
{"url":"/favicon.ico","ip":"::1","time":1572873963763}
{"url":"/favicon.ico","ip":"::1","time":1572873976034}
{"url":"/shop/2c77af86625540ec85f0d4edc5790afd","ip":"::1","time":1572873976829}
{"url":"/shop/images/position.png","ip":"::1","time":1572873977052}
{"url":"/files/","ip":"::1","time":1572873977062}
{"url":"/shop/images/search.png","ip":"::1","time":1572873977120}
{"url":"/files/","ip":"::1","time":1572873977135}
{"url":"/favicon.ico","ip":"::1","time":1572873977340}
{"url":"/shop/feef6e18016149998907a458cfa53a5b","ip":"::1","time":1572874535525}
{"url":"/shop/images/position.png","ip":"::1","time":1572874535792}
{"url":"/shop/images/search.png","ip":"::1","time":1572874536123}
{"url":"/files/","ip":"::1","time":1572874536145}
{"url":"/favicon.ico","ip":"::1","time":1572874536224}
{"url":"/meishi/order/buy/28376056","ip":"::1","time":1572874539386}
{"url":"/favicon.ico","ip":"::1","time":1572874539468}
{"url":"/favicon.ico","ip":"::1","time":1572874541090}
{"url":"/meishi/order/buy/28376056","ip":"::1","time":1572874542872}
{"url":"/favicon.ico","ip":"::1","time":1572874542947}
{"url":"/favicon.ico","ip":"::1","time":1572874897540}
{"url":"/meishi/order/buy/28376056","ip":"::1","time":1572874901869}
{"url":"/favicon.ico","ip":"::1","time":1572874901940}
{"url":"/favicon.ico","ip":"::1","time":1572874903004}
{"url":"/cart","ip":"::1","time":1572877652072}
{"url":"/favicon.ico","ip":"::1","time":1572877652235}
{"url":"/cart","ip":"::1","time":1572877676336}
{"url":"/images/position.png","ip":"::1","time":1572877676413}
{"url":"/images/search.png","ip":"::1","time":1572877676620}
{"url":"/favicon.ico","ip":"::1","time":1572877676741}
{"url":"/cart","ip":"::1","time":1572877689377}
{"url":"/images/position.png","ip":"::1","time":1572877689436}
{"url":"/images/search.png","ip":"::1","time":1572877689606}
{"url":"/favicon.ico","ip":"::1","time":1572877689697}
{"url":"/cart","ip":"::1","time":1572877842789}
{"url":"/images/position.png","ip":"::1","time":1572877842844}
{"url":"/images/search.png","ip":"::1","time":1572877843029}
{"url":"/favicon.ico","ip":"::1","time":1572877843091}
{"url":"/cart","ip":"::1","time":1572877859056}
{"url":"/images/position.png","ip":"::1","time":1572877859129}
{"url":"/images/search.png","ip":"::1","time":1572877859309}
{"url":"/favicon.ico","ip":"::1","time":1572877859378}
{"url":"/cart","ip":"::1","time":1572877871612}
{"url":"/images/position.png","ip":"::1","time":1572877871727}
{"url":"/images/search.png","ip":"::1","time":1572877872012}
{"url":"/favicon.ico","ip":"::1","time":1572877874236}
{"url":"/cart","ip":"::1","time":1572877988768}
{"url":"/images/position.png","ip":"::1","time":1572877988893}
{"url":"/images/search.png","ip":"::1","time":1572877989067}
{"url":"/favicon.ico","ip":"::1","time":1572877989138}
{"url":"/cart","ip":"::1","time":1572878029834}
{"url":"/images/position.png","ip":"::1","time":1572878029895}
{"url":"/images/search.png","ip":"::1","time":1572878030075}
{"url":"/favicon.ico","ip":"::1","time":1572878030141}
{"url":"/cart","ip":"::1","time":1572878030690}
{"url":"/images/position.png","ip":"::1","time":1572878030745}
{"url":"/images/search.png","ip":"::1","time":1572878030855}
{"url":"/favicon.ico","ip":"::1","time":1572878030915}
{"url":"/","ip":"::1","time":1600937919330}
{"url":"/images/position.png","ip":"::1","time":1600937919664}
{"url":"/images/%E7%BE%8E%E9%A3%9F.png","ip":"::1","time":1600937919670}
{"url":"/images/right_jt.png","ip":"::1","time":1600937919670}
{"url":"/images/search.png","ip":"::1","time":1600937920534}
{"url":"/images/%E7%BE%8E%E9%A3%9F.png","ip":"::1","time":1600937920547}
{"url":"/images/right_jt.png","ip":"::1","time":1600937920547}
{"url":"/","ip":"::1","time":1600937999936}
{"url":"/images/%E7%BE%8E%E9%A3%9F.png","ip":"::1","time":1600938000121}
{"url":"/images/right_jt.png","ip":"::1","time":1600938000122}
{"url":"/images/position.png","ip":"::1","time":1600938000122}
{"url":"/images/search.png","ip":"::1","time":1600938000259}
{"url":"/images/%E7%BE%8E%E9%A3%9F.png","ip":"::1","time":1600938000274}
{"url":"/images/right_jt.png","ip":"::1","time":1600938000274}
{"url":"/","ip":"::1","time":1601022427378}
{"url":"/images/position.png","ip":"::1","time":1601022427724}
{"url":"/images/%E7%BE%8E%E9%A3%9F.png","ip":"::1","time":1601022427724}
{"url":"/images/right_jt.png","ip":"::1","time":1601022427724}
{"url":"/images/search.png","ip":"::1","time":1601022428355}
{"url":"/images/%E7%BE%8E%E9%A3%9F.png","ip":"::1","time":1601022428366}
{"url":"/images/right_jt.png","ip":"::1","time":1601022428366}
{"url":"/favicon.ico","ip":"::1","time":1601022429003}
{"url":"/","ip":"::1","time":1601022650093}
{"url":"/images/%E7%BE%8E%E9%A3%9F.png","ip":"::1","time":1601022650528}
{"url":"/images/right_jt.png","ip":"::1","time":1601022650530}
{"url":"/images/position.png","ip":"::1","time":1601022650530}
{"url":"/images/search.png","ip":"::1","time":1601022650713}
{"url":"/images/%E7%BE%8E%E9%A3%9F.png","ip":"::1","time":1601022650729}
{"url":"/images/right_jt.png","ip":"::1","time":1601022650729}
{"url":"/favicon.ico","ip":"::1","time":1601022651193}
{"url":"/","ip":"::1","time":1601024882147}
{"url":"/images/position.png","ip":"::1","time":1601024882470}
{"url":"/images/%E7%BE%8E%E9%A3%9F.png","ip":"::1","time":1601024882473}
{"url":"/images/right_jt.png","ip":"::1","time":1601024882478}
{"url":"/images/search.png","ip":"::1","time":1601024882668}
{"url":"/images/%E7%BE%8E%E9%A3%9F.png","ip":"::1","time":1601024882683}
{"url":"/images/right_jt.png","ip":"::1","time":1601024882691}
{"url":"/favicon.ico","ip":"::1","time":1601024883171}
{"url":"/","ip":"::1","time":1601025028462}
{"url":"/favicon.ico","ip":"::1","time":1601025028794}
{"url":"/","ip":"::1","time":1601025063183}
{"url":"/images/position.png","ip":"::1","time":1601025063852}
{"url":"/images/%E7%BE%8E%E9%A3%9F.png","ip":"::1","time":1601025063855}
{"url":"/images/right_jt.png","ip":"::1","time":1601025063860}
{"url":"/images/search.png","ip":"::1","time":1601025064060}
{"url":"/images/%E7%BE%8E%E9%A3%9F.png","ip":"::1","time":1601025064073}
{"url":"/images/right_jt.png","ip":"::1","time":1601025064073}
{"url":"/favicon.ico","ip":"::1","time":1601025064485}
{"url":"/","ip":"::1","time":1601025066240}
{"url":"/images/%E7%BE%8E%E9%A3%9F.png","ip":"::1","time":1601025066397}
{"url":"/images/position.png","ip":"::1","time":1601025066398}
{"url":"/images/right_jt.png","ip":"::1","time":1601025066398}
{"url":"/images/search.png","ip":"::1","time":1601025066540}
{"url":"/images/%E7%BE%8E%E9%A3%9F.png","ip":"::1","time":1601025066572}
{"url":"/images/right_jt.png","ip":"::1","time":1601025066572}
{"url":"/favicon.ico","ip":"::1","time":1601025066739}
{"url":"/","ip":"::1","time":1601025067276}
{"url":"/images/position.png","ip":"::1","time":1601025067438}
{"url":"/images/right_jt.png","ip":"::1","time":1601025067438}
{"url":"/images/%E7%BE%8E%E9%A3%9F.png","ip":"::1","time":1601025067438}
{"url":"/images/search.png","ip":"::1","time":1601025067489}
{"url":"/images/%E7%BE%8E%E9%A3%9F.png","ip":"::1","time":1601025067519}
{"url":"/images/right_jt.png","ip":"::1","time":1601025067522}
{"url":"/favicon.ico","ip":"::1","time":1601025067753}
{"url":"/","ip":"::1","time":1601025266684}
{"url":"/favicon.ico","ip":"::1","time":1601025266823}
{"url":"/","ip":"::1","time":1601025566473}
{"url":"/images/position.png","ip":"::1","time":1601025566887}
{"url":"/images/%E7%BE%8E%E9%A3%9F.png","ip":"::1","time":1601025566891}
{"url":"/images/right_jt.png","ip":"::1","time":1601025566891}
{"url":"/images/search.png","ip":"::1","time":1601025567170}
{"url":"/images/%E7%BE%8E%E9%A3%9F.png","ip":"::1","time":1601025567234}
{"url":"/images/right_jt.png","ip":"::1","time":1601025567235}
{"url":"/favicon.ico","ip":"::1","time":1601025568207}
{"url":"/api","ip":"::1","time":1601025614278}
{"url":"/favicon.ico","ip":"::1","time":1601025617407}
{"url":"/","ip":"::1","time":1601026031731}
{"url":"/images/position.png","ip":"::1","time":1601026032092}
{"url":"/images/%E7%BE%8E%E9%A3%9F.png","ip":"::1","time":1601026032096}
{"url":"/images/right_jt.png","ip":"::1","time":1601026032098}
{"url":"/images/search.png","ip":"::1","time":1601026032224}
{"url":"/images/%E7%BE%8E%E9%A3%9F.png","ip":"::1","time":1601026032252}
{"url":"/images/right_jt.png","ip":"::1","time":1601026032252}
{"url":"/favicon.ico","ip":"::1","time":1601026032533}
{"url":"/","ip":"::1","time":1601026033891}
{"url":"/images/position.png","ip":"::1","time":1601026034053}
{"url":"/images/%E7%BE%8E%E9%A3%9F.png","ip":"::1","time":1601026034056}
{"url":"/images/right_jt.png","ip":"::1","time":1601026034056}
{"url":"/images/search.png","ip":"::1","time":1601026034204}
{"url":"/images/%E7%BE%8E%E9%A3%9F.png","ip":"::1","time":1601026034232}
{"url":"/images/right_jt.png","ip":"::1","time":1601026034232}
{"url":"/favicon.ico","ip":"::1","time":1601026034432}
{"url":"/","ip":"::1","time":1601026036061}
{"url":"/images/position.png","ip":"::1","time":1601026036230}
{"url":"/images/%E7%BE%8E%E9%A3%9F.png","ip":"::1","time":1601026036233}
{"url":"/images/right_jt.png","ip":"::1","time":1601026036236}
{"url":"/images/search.png","ip":"::1","time":1601026036317}
{"url":"/images/%E7%BE%8E%E9%A3%9F.png","ip":"::1","time":1601026036332}
{"url":"/images/right_jt.png","ip":"::1","time":1601026036356}
{"url":"/favicon.ico","ip":"::1","time":1601026036540}
{"url":"/","ip":"::1","time":1601026185985}
{"url":"/images/position.png","ip":"::1","time":1601026186483}
{"url":"/images/%E7%BE%8E%E9%A3%9F.png","ip":"::1","time":1601026186483}
{"url":"/images/right_jt.png","ip":"::1","time":1601026186484}
{"url":"/images/search.png","ip":"::1","time":1601026186626}
{"url":"/images/%E7%BE%8E%E9%A3%9F.png","ip":"::1","time":1601026186642}
{"url":"/images/right_jt.png","ip":"::1","time":1601026186642}
{"url":"/favicon.ico","ip":"::1","time":1601026186970}
{"url":"/","ip":"::1","time":1601026198041}
{"url":"/images/%E7%BE%8E%E9%A3%9F.png","ip":"::1","time":1601026198280}
{"url":"/images/right_jt.png","ip":"::1","time":1601026198281}
{"url":"/images/position.png","ip":"::1","time":1601026198281}
{"url":"/images/search.png","ip":"::1","time":1601026198400}
{"url":"/images/%E7%BE%8E%E9%A3%9F.png","ip":"::1","time":1601026198416}
{"url":"/images/right_jt.png","ip":"::1","time":1601026198419}
{"url":"/favicon.ico","ip":"::1","time":1601026198586}
{"url":"/","ip":"::1","time":1601026199815}
{"url":"/images/position.png","ip":"::1","time":1601026199969}
{"url":"/images/%E7%BE%8E%E9%A3%9F.png","ip":"::1","time":1601026199969}
{"url":"/images/right_jt.png","ip":"::1","time":1601026199970}
{"url":"/images/search.png","ip":"::1","time":1601026200077}
{"url":"/images/%E7%BE%8E%E9%A3%9F.png","ip":"::1","time":1601026200109}
{"url":"/images/right_jt.png","ip":"::1","time":1601026200109}
{"url":"/favicon.ico","ip":"::1","time":1601026200279}
{"url":"/","ip":"::1","time":1601173141161}
{"url":"/images/position.png","ip":"::1","time":1601173141415}
{"url":"/images/%E7%BE%8E%E9%A3%9F.png","ip":"::1","time":1601173141416}
{"url":"/images/right_jt.png","ip":"::1","time":1601173141418}
{"url":"/images/search.png","ip":"::1","time":1601173142126}
{"url":"/images/%E7%BE%8E%E9%A3%9F.png","ip":"::1","time":1601173142160}
{"url":"/images/right_jt.png","ip":"::1","time":1601173142163}
{"url":"/favicon.ico","ip":"::1","time":1601173142641}
{"url":"/","ip":"::1","time":1601173157956}
{"url":"/images/%E7%BE%8E%E9%A3%9F.png","ip":"::1","time":1601173158066}
{"url":"/images/position.png","ip":"::1","time":1601173158066}
{"url":"/images/right_jt.png","ip":"::1","time":1601173158074}
{"url":"/images/search.png","ip":"::1","time":1601173159105}
{"url":"/images/%E7%BE%8E%E9%A3%9F.png","ip":"::1","time":1601173159125}
{"url":"/images/right_jt.png","ip":"::1","time":1601173159129}
{"url":"/favicon.ico","ip":"::1","time":1601173159437}
{"url":"/","ip":"::1","time":1601173170260}
{"url":"/images/position.png","ip":"::1","time":1601173170439}
{"url":"/images/%E7%BE%8E%E9%A3%9F.png","ip":"::1","time":1601173170439}
{"url":"/images/right_jt.png","ip":"::1","time":1601173170439}
{"url":"/images/search.png","ip":"::1","time":1601173170624}
{"url":"/images/%E7%BE%8E%E9%A3%9F.png","ip":"::1","time":1601173170625}
{"url":"/images/right_jt.png","ip":"::1","time":1601173170629}
{"url":"/favicon.ico","ip":"::1","time":1601173170690}
{"url":"/","ip":"::1","time":1601185575300}
{"url":"/images/position.png","ip":"::1","time":1601185575534}
{"url":"/images/%E7%BE%8E%E9%A3%9F.png","ip":"::1","time":1601185575537}
{"url":"/images/right_jt.png","ip":"::1","time":1601185575538}
{"url":"/images/search.png","ip":"::1","time":1601185576254}
{"url":"/images/%E7%BE%8E%E9%A3%9F.png","ip":"::1","time":1601185576278}
{"url":"/images/right_jt.png","ip":"::1","time":1601185576279}
{"url":"/favicon.ico","ip":"::1","time":1601185576615}
{"url":"/","ip":"::1","time":1601186501076}
{"url":"/favicon.ico","ip":"::1","time":1601186501531}
{"url":"/","ip":"::1","time":1601186576128}
{"url":"/images/position.png","ip":"::1","time":1601186576507}
{"url":"/images/%E7%BE%8E%E9%A3%9F.png","ip":"::1","time":1601186576520}
{"url":"/images/right_jt.png","ip":"::1","time":1601186576521}
{"url":"/images/search.png","ip":"::1","time":1601186576753}
{"url":"/images/%E7%BE%8E%E9%A3%9F.png","ip":"::1","time":1601186576812}
{"url":"/images/right_jt.png","ip":"::1","time":1601186576815}
{"url":"/favicon.ico","ip":"::1","time":1601186577122}
{"url":"/favicon.ico","ip":"::1","time":1601186580330}
{"url":"/","ip":"::1","time":1601186901972}
{"url":"/images/position.png","ip":"::1","time":1601186902278}
{"url":"/images/%E7%BE%8E%E9%A3%9F.png","ip":"::1","time":1601186902279}
{"url":"/images/right_jt.png","ip":"::1","time":1601186902279}
{"url":"/images/search.png","ip":"::1","time":1601186902423}
{"url":"/images/%E7%BE%8E%E9%A3%9F.png","ip":"::1","time":1601186902428}
{"url":"/images/right_jt.png","ip":"::1","time":1601186902429}
{"url":"/favicon.ico","ip":"::1","time":1601186902616}
{"url":"/","ip":"::1","time":1601186905362}
{"url":"/images/position.png","ip":"::1","time":1601186905666}
{"url":"/images/%E7%BE%8E%E9%A3%9F.png","ip":"::1","time":1601186905667}
{"url":"/images/right_jt.png","ip":"::1","time":1601186905667}
{"url":"/images/search.png","ip":"::1","time":1601186906049}
{"url":"/images/%E7%BE%8E%E9%A3%9F.png","ip":"::1","time":1601186906074}
{"url":"/images/right_jt.png","ip":"::1","time":1601186906074}
{"url":"/favicon.ico","ip":"::1","time":1601186906552}
{"url":"/","ip":"::1","time":1601187805110}
{"url":"/images/position.png","ip":"::1","time":1601187805285}
{"url":"/images/%E7%BE%8E%E9%A3%9F.png","ip":"::1","time":1601187805324}
{"url":"/images/right_jt.png","ip":"::1","time":1601187805325}
{"url":"/images/%E7%BE%8E%E9%A3%9F.png","ip":"::1","time":1601187805922}
{"url":"/images/right_jt.png","ip":"::1","time":1601187805922}
{"url":"/favicon.ico","ip":"::1","time":1601187806233}
{"url":"/favicon.ico","ip":"::1","time":1601187808308}
{"url":"/","ip":"::1","time":1601187813043}
{"url":"/images/position.png","ip":"::1","time":1601187813357}
{"url":"/images/%E7%BE%8E%E9%A3%9F.png","ip":"::1","time":1601187813405}
{"url":"/images/right_jt.png","ip":"::1","time":1601187813405}
{"url":"/images/%E7%BE%8E%E9%A3%9F.png","ip":"::1","time":1601187813775}
{"url":"/images/right_jt.png","ip":"::1","time":1601187813775}
{"url":"/favicon.ico","ip":"::1","time":1601187813957}
{"url":"/","ip":"::1","time":1601262889791}
{"url":"/images/position.png","ip":"::1","time":1601262890049}
{"url":"/images/%E7%BE%8E%E9%A3%9F.png","ip":"::1","time":1601262890053}
{"url":"/images/right_jt.png","ip":"::1","time":1601262890056}
{"url":"/images/search.png","ip":"::1","time":1601262890732}
{"url":"/images/%E7%BE%8E%E9%A3%9F.png","ip":"::1","time":1601262890754}
{"url":"/images/right_jt.png","ip":"::1","time":1601262890763}
{"url":"/favicon.ico","ip":"::1","time":1601262891784}
{"url":"/","ip":"::1","time":1601344745114}
{"url":"/images/position.png","ip":"::1","time":1601344745328}
{"url":"/images/%E7%BE%8E%E9%A3%9F.png","ip":"::1","time":1601344745328}
{"url":"/images/right_jt.png","ip":"::1","time":1601344745330}
{"url":"/","ip":"::1","time":1601350677970}
{"url":"/images/position.png","ip":"::1","time":1601350678171}
{"url":"/images/%E7%BE%8E%E9%A3%9F.png","ip":"::1","time":1601350678172}
{"url":"/images/right_jt.png","ip":"::1","time":1601350678175}
{"url":"/","ip":"::1","time":1601356355451}
{"url":"/images/position.png","ip":"::1","time":1601356355610}
{"url":"/images/%E7%BE%8E%E9%A3%9F.png","ip":"::1","time":1601356355612}
{"url":"/images/right_jt.png","ip":"::1","time":1601356355612}
